# JRE version: Java(TM) SE Runtime Environment (21.0.5+9) (build 21.0.5+9-LTS-239)
# Java VM: Java HotSpot(TM) 64-Bit Server VM (21.0.5+9-LTS-239, mixed mode, sharing, tiered, compressed oops, compressed class ptrs, g1 gc, windows-amd64)
GC Precious Log:
 CardTable entry size: 512
 Card Set container configuration: InlinePtr #cards 5 size 8 Array Of Cards #cards 12 size 40 Howl #buckets 4 coarsen threshold 1843 Howl Bitmap #cards 512 size 80 coarsen threshold 460 Card regions per heap region 1 cards per card region 2048
 CPUs: 12 total, 12 available
 Memory: 7876M
 Large Page Support: Disabled
 NUMA Support: Disabled
 Compressed Oops: Enabled (32-bit)
 Heap Region Size: 1M
 Heap Min Capacity: 8M
 Heap Initial Capacity: 124M
 Heap Max Capacity: 1970M
 Pre-touch: Disabled
 Parallel Workers: 10
 Concurrent Workers: 3
 Concurrent Refinement Workers: 10
 Periodic GC: Disabled
Heap:
 garbage-first heap   total 143360K, used 79751K [0x0000000084e00000, 0x0000000100000000)
  region size 1024K, 52 young (53248K), 10 survivors (10240K)
 Metaspace       used 29467K, committed 29952K, reserved 1114112K
  class space    used 3317K, committed 3520K, reserved 1048576K
GC Heap History (12 events):
Event: 1.286 GC heap before
{Heap before GC invocations=0 (full 0):
 garbage-first heap   total 126976K, used 23552K [0x0000000084e00000, 0x0000000100000000)
  region size 1024K, 23 young (23552K), 0 survivors (0K)
 Metaspace       used 5615K, committed 5888K, reserved 1114112K
  class space    used 646K, committed 768K, reserved 1048576K
}
Event: 1.305 GC heap after
{Heap after GC invocations=1 (full 0):
 garbage-first heap   total 126976K, used 3744K [0x0000000084e00000, 0x0000000100000000)
  region size 1024K, 3 young (3072K), 3 survivors (3072K)
 Metaspace       used 5615K, committed 5888K, reserved 1114112K
  class space    used 646K, committed 768K, reserved 1048576K
}
Event: 2.394 GC heap before
{Heap before GC invocations=1 (full 0):
 garbage-first heap   total 126976K, used 33440K [0x0000000084e00000, 0x0000000100000000)
  region size 1024K, 32 young (32768K), 3 survivors (3072K)
 Metaspace       used 9264K, committed 9472K, reserved 1114112K
  class space    used 1084K, committed 1216K, reserved 1048576K
}
Event: 2.407 GC heap after
{Heap after GC invocations=2 (full 0):
 garbage-first heap   total 126976K, used 5227K [0x0000000084e00000, 0x0000000100000000)
  region size 1024K, 2 young (2048K), 2 survivors (2048K)
 Metaspace       used 9264K, committed 9472K, reserved 1114112K
  class space    used 1084K, committed 1216K, reserved 1048576K
}
Event: 5.362 GC heap before
{Heap before GC invocations=2 (full 0):
 garbage-first heap   total 126976K, used 78955K [0x0000000084e00000, 0x0000000100000000)
  region size 1024K, 74 young (75776K), 2 survivors (2048K)
 Metaspace       used 15640K, committed 15872K, reserved 1114112K
  class space    used 1820K, committed 1920K, reserved 1048576K
}
Event: 5.389 GC heap after
{Heap after GC invocations=3 (full 0):
 garbage-first heap   total 126976K, used 13389K [0x0000000084e00000, 0x0000000100000000)
  region size 1024K, 10 young (10240K), 10 survivors (10240K)
 Metaspace       used 15640K, committed 15872K, reserved 1114112K
  class space    used 1820K, committed 1920K, reserved 1048576K
}
Event: 7.983 GC heap before
{Heap before GC invocations=3 (full 0):
 garbage-first heap   total 126976K, used 78925K [0x0000000084e00000, 0x0000000100000000)
  region size 1024K, 74 young (75776K), 10 survivors (10240K)
 Metaspace       used 17560K, committed 17856K, reserved 1114112K
  class space    used 1976K, committed 2112K, reserved 1048576K
}
Event: 8.013 GC heap after
{Heap after GC invocations=4 (full 0):
 garbage-first heap   total 126976K, used 16263K [0x0000000084e00000, 0x0000000100000000)
  region size 1024K, 4 young (4096K), 4 survivors (4096K)
 Metaspace       used 17560K, committed 17856K, reserved 1114112K
  class space    used 1976K, committed 2112K, reserved 1048576K
}
Event: 9.869 GC heap before
{Heap before GC invocations=4 (full 0):
 garbage-first heap   total 126976K, used 54151K [0x0000000084e00000, 0x0000000100000000)
  region size 1024K, 36 young (36864K), 4 survivors (4096K)
 Metaspace       used 21185K, committed 21504K, reserved 1114112K
  class space    used 2426K, committed 2624K, reserved 1048576K
}
Event: 9.893 GC heap after
{Heap after GC invocations=5 (full 0):
 garbage-first heap   total 126976K, used 27527K [0x0000000084e00000, 0x0000000100000000)
  region size 1024K, 9 young (9216K), 9 survivors (9216K)
 Metaspace       used 21185K, committed 21504K, reserved 1114112K
  class space    used 2426K, committed 2624K, reserved 1048576K
}
Event: 12.812 GC heap before
{Heap before GC invocations=6 (full 0):
 garbage-first heap   total 99328K, used 94087K [0x0000000084e00000, 0x0000000100000000)
  region size 1024K, 74 young (75776K), 9 survivors (9216K)
 Metaspace       used 27631K, committed 28032K, reserved 1114112K
  class space    used 3127K, committed 3328K, reserved 1048576K
}
Event: 12.856 GC heap after
{Heap after GC invocations=7 (full 0):
 garbage-first heap   total 143360K, used 38791K [0x0000000084e00000, 0x0000000100000000)
  region size 1024K, 10 young (10240K), 10 survivors (10240K)
 Metaspace       used 27631K, committed 28032K, reserved 1114112K
  class space    used 3127K, committed 3328K, reserved 1048576K
}

