# JRE version: OpenJDK Runtime Environment Temurin-21.0.10+7 (21.0.10+7) (build 21.0.10+7-LTS)
# Java VM: OpenJDK 64-Bit Server VM Temurin-21.0.10+7 (21.0.10+7-LTS, mixed mode, sharing, tiered, compressed oops, compressed class ptrs, parallel gc, windows-amd64)
GC Precious Log:
 CardTable entry size: 512
 CPUs: 12 total, 12 available
 Memory: 7876M
 Large Page Support: Disabled
 NUMA Support: Disabled
 Compressed Oops: Enabled (32-bit)
 Alignments: Space 512K, Generation 512K, Heap 2M
 Heap Min Capacity: 100M
 Heap Initial Capacity: 100M
 Heap Max Capacity: 2G
 Pre-touch: Disabled
 Parallel Workers: 10
Heap:
 PSYoungGen      total 4608K, used 1912K [0x00000000d5580000, 0x00000000d5d80000, 0x0000000100000000)
  eden space 4096K, 38% used [0x00000000d5580000,0x00000000d5706220,0x00000000d5980000)
  from space 512K, 68% used [0x00000000d5d00000,0x00000000d5d58000,0x00000000d5d80000)
  to   space 1024K, 0% used [0x00000000d5b80000,0x00000000d5b80000,0x00000000d5c80000)
 ParOldGen       total 1011712K, used 1011635K [0x0000000080000000, 0x00000000bdc00000, 0x00000000d5580000)
  object space 1011712K, 99% used [0x0000000080000000,0x00000000bdbecee8,0x00000000bdc00000)
 Metaspace       used 86196K, committed 88064K, reserved 1179648K
  class space    used 8860K, committed 9664K, reserved 1048576K
GC Heap History (20 events):
Event: 981.843 GC heap before
{Heap before GC invocations=715 (full 4):
 PSYoungGen      total 3584K, used 3455K [0x00000000d5580000, 0x00000000d6480000, 0x0000000100000000)
  eden space 1024K, 89% used [0x00000000d5580000,0x00000000d5664a80,0x00000000d5680000)
  from space 2560K, 99% used [0x00000000d5c00000,0x00000000d5e7b1c8,0x00000000d5e80000)
  to   space 5632K, 0% used [0x00000000d5680000,0x00000000d5680000,0x00000000d5c00000)
 ParOldGen       total 962560K, used 962315K [0x0000000080000000, 0x00000000bac00000, 0x00000000d5580000)
  object space 962560K, 99% used [0x0000000080000000,0x00000000babc2e10,0x00000000bac00000)
 Metaspace       used 86127K, committed 87936K, reserved 1179648K
  class space    used 8859K, committed 9664K, reserved 1048576K
}
Event: 981.850 GC heap after
{Heap after GC invocations=715 (full 4):
 PSYoungGen      total 2560K, used 1120K [0x00000000d5580000, 0x00000000d5c80000, 0x0000000100000000)
  eden space 1024K, 0% used [0x00000000d5580000,0x00000000d5580000,0x00000000d5680000)
  from space 1536K, 72% used [0x00000000d5680000,0x00000000d5798000,0x00000000d5800000)
  to   space 2560K, 0% used [0x00000000d5a00000,0x00000000d5a00000,0x00000000d5c80000)
 ParOldGen       total 965120K, used 964893K [0x0000000080000000, 0x00000000bae80000, 0x00000000d5580000)
  object space 965120K, 99% used [0x0000000080000000,0x00000000bae47688,0x00000000bae80000)
 Metaspace       used 86127K, committed 87936K, reserved 1179648K
  class space    used 8859K, committed 9664K, reserved 1048576K
}
Event: 981.854 GC heap before
{Heap before GC invocations=716 (full 4):
 PSYoungGen      total 2560K, used 2082K [0x00000000d5580000, 0x00000000d5c80000, 0x0000000100000000)
  eden space 1024K, 94% used [0x00000000d5580000,0x00000000d5670b30,0x00000000d5680000)
  from space 1536K, 72% used [0x00000000d5680000,0x00000000d5798000,0x00000000d5800000)
  to   space 2560K, 0% used [0x00000000d5a00000,0x00000000d5a00000,0x00000000d5c80000)
 ParOldGen       total 965120K, used 964893K [0x0000000080000000, 0x00000000bae80000, 0x00000000d5580000)
  object space 965120K, 99% used [0x0000000080000000,0x00000000bae47688,0x00000000bae80000)
 Metaspace       used 86127K, committed 87936K, reserved 1179648K
  class space    used 8859K, committed 9664K, reserved 1048576K
}
Event: 981.859 GC heap after
{Heap after GC invocations=716 (full 4):
 PSYoungGen      total 3072K, used 1106K [0x00000000d5580000, 0x00000000d5b80000, 0x0000000100000000)
  eden space 1536K, 0% used [0x00000000d5580000,0x00000000d5580000,0x00000000d5700000)
  from space 1536K, 72% used [0x00000000d5a00000,0x00000000d5b14ae0,0x00000000d5b80000)
  to   space 1536K, 0% used [0x00000000d5880000,0x00000000d5880000,0x00000000d5a00000)
 ParOldGen       total 966656K, used 966594K [0x0000000080000000, 0x00000000bb000000, 0x00000000d5580000)
  object space 966656K, 99% used [0x0000000080000000,0x00000000baff0888,0x00000000bb000000)
 Metaspace       used 86127K, committed 87936K, reserved 1179648K
  class space    used 8859K, committed 9664K, reserved 1048576K
}
Event: 981.867 GC heap before
{Heap before GC invocations=717 (full 4):
 PSYoungGen      total 3072K, used 2642K [0x00000000d5580000, 0x00000000d5b80000, 0x0000000100000000)
  eden space 1536K, 100% used [0x00000000d5580000,0x00000000d5700000,0x00000000d5700000)
  from space 1536K, 72% used [0x00000000d5a00000,0x00000000d5b14ae0,0x00000000d5b80000)
  to   space 1536K, 0% used [0x00000000d5880000,0x00000000d5880000,0x00000000d5a00000)
 ParOldGen       total 966656K, used 966594K [0x0000000080000000, 0x00000000bb000000, 0x00000000d5580000)
  object space 966656K, 99% used [0x0000000080000000,0x00000000baff0888,0x00000000bb000000)
 Metaspace       used 86127K, committed 87936K, reserved 1179648K
  class space    used 8859K, committed 9664K, reserved 1048576K
}
Event: 981.871 GC heap after
{Heap after GC invocations=717 (full 4):
 PSYoungGen      total 3072K, used 1003K [0x00000000d5580000, 0x00000000d5a80000, 0x0000000100000000)
  eden space 2048K, 0% used [0x00000000d5580000,0x00000000d5580000,0x00000000d5780000)
  from space 1024K, 97% used [0x00000000d5880000,0x00000000d597ac68,0x00000000d5980000)
  to   space 1024K, 0% used [0x00000000d5980000,0x00000000d5980000,0x00000000d5a80000)
 ParOldGen       total 967680K, used 967583K [0x0000000080000000, 0x00000000bb100000, 0x00000000d5580000)
  object space 967680K, 99% used [0x0000000080000000,0x00000000bb0e7f48,0x00000000bb100000)
 Metaspace       used 86127K, committed 87936K, reserved 1179648K
  class space    used 8859K, committed 9664K, reserved 1048576K
}
Event: 981.891 GC heap before
{Heap before GC invocations=718 (full 4):
 PSYoungGen      total 3072K, used 3051K [0x00000000d5580000, 0x00000000d5a80000, 0x0000000100000000)
  eden space 2048K, 100% used [0x00000000d5580000,0x00000000d5780000,0x00000000d5780000)
  from space 1024K, 97% used [0x00000000d5880000,0x00000000d597ac68,0x00000000d5980000)
  to   space 1024K, 0% used [0x00000000d5980000,0x00000000d5980000,0x00000000d5a80000)
 ParOldGen       total 967680K, used 967583K [0x0000000080000000, 0x00000000bb100000, 0x00000000d5580000)
  object space 967680K, 99% used [0x0000000080000000,0x00000000bb0e7f48,0x00000000bb100000)
 Metaspace       used 86127K, committed 87936K, reserved 1179648K
  class space    used 8859K, committed 9664K, reserved 1048576K
}
Event: 981.900 GC heap after
{Heap after GC invocations=718 (full 4):
 PSYoungGen      total 3072K, used 448K [0x00000000d5580000, 0x00000000d5a00000, 0x0000000100000000)
  eden space 2560K, 0% used [0x00000000d5580000,0x00000000d5580000,0x00000000d5800000)
  from space 512K, 87% used [0x00000000d5980000,0x00000000d59f0000,0x00000000d5a00000)
  to   space 1024K, 0% used [0x00000000d5800000,0x00000000d5800000,0x00000000d5900000)
 ParOldGen       total 970240K, used 970046K [0x0000000080000000, 0x00000000bb380000, 0x00000000d5580000)
  object space 970240K, 99% used [0x0000000080000000,0x00000000bb34fb48,0x00000000bb380000)
 Metaspace       used 86127K, committed 87936K, reserved 1179648K
  class space    used 8859K, committed 9664K, reserved 1048576K
}
Event: 981.969 GC heap before
{Heap before GC invocations=719 (full 4):
 PSYoungGen      total 3072K, used 3008K [0x00000000d5580000, 0x00000000d5a00000, 0x0000000100000000)
  eden space 2560K, 100% used [0x00000000d5580000,0x00000000d5800000,0x00000000d5800000)
  from space 512K, 87% used [0x00000000d5980000,0x00000000d59f0000,0x00000000d5a00000)
  to   space 1024K, 0% used [0x00000000d5800000,0x00000000d5800000,0x00000000d5900000)
 ParOldGen       total 1001984K, used 1000766K [0x0000000080000000, 0x00000000bd280000, 0x00000000d5580000)
  object space 1001984K, 99% used [0x0000000080000000,0x00000000bd14fb78,0x00000000bd280000)
 Metaspace       used 86132K, committed 88000K, reserved 1179648K
  class space    used 8860K, committed 9664K, reserved 1048576K
}
Event: 981.974 GC heap after
{Heap after GC invocations=719 (full 4):
 PSYoungGen      total 3584K, used 1014K [0x00000000d5580000, 0x00000000d5d80000, 0x0000000100000000)
  eden space 2560K, 0% used [0x00000000d5580000,0x00000000d5580000,0x00000000d5800000)
  from space 1024K, 99% used [0x00000000d5800000,0x00000000d58fd8b0,0x00000000d5900000)
  to   space 2560K, 0% used [0x00000000d5b00000,0x00000000d5b00000,0x00000000d5d80000)
 ParOldGen       total 1001984K, used 1001757K [0x0000000080000000, 0x00000000bd280000, 0x00000000d5580000)
  object space 1001984K, 99% used [0x0000000080000000,0x00000000bd247418,0x00000000bd280000)
 Metaspace       used 86132K, committed 88000K, reserved 1179648K
  class space    used 8860K, committed 9664K, reserved 1048576K
}
Event: 981.981 GC heap before
{Heap before GC invocations=720 (full 4):
 PSYoungGen      total 3584K, used 3574K [0x00000000d5580000, 0x00000000d5d80000, 0x0000000100000000)
  eden space 2560K, 100% used [0x00000000d5580000,0x00000000d5800000,0x00000000d5800000)
  from space 1024K, 99% used [0x00000000d5800000,0x00000000d58fd8b0,0x00000000d5900000)
  to   space 2560K, 0% used [0x00000000d5b00000,0x00000000d5b00000,0x00000000d5d80000)
 ParOldGen       total 1001984K, used 1001757K [0x0000000080000000, 0x00000000bd280000, 0x00000000d5580000)
  object space 1001984K, 99% used [0x0000000080000000,0x00000000bd247418,0x00000000bd280000)
 Metaspace       used 86134K, committed 88000K, reserved 1179648K
  class space    used 8860K, committed 9664K, reserved 1048576K
}
Event: 981.989 GC heap after
{Heap after GC invocations=720 (full 4):
 PSYoungGen      total 5632K, used 2400K [0x00000000d5580000, 0x00000000d5d80000, 0x0000000100000000)
  eden space 3072K, 0% used [0x00000000d5580000,0x00000000d5580000,0x00000000d5880000)
  from space 2560K, 93% used [0x00000000d5b00000,0x00000000d5d58000,0x00000000d5d80000)
  to   space 2560K, 0% used [0x00000000d5880000,0x00000000d5880000,0x00000000d5b00000)
 ParOldGen       total 1003008K, used 1002743K [0x0000000080000000, 0x00000000bd380000, 0x00000000d5580000)
  object space 1003008K, 99% used [0x0000000080000000,0x00000000bd33dcd8,0x00000000bd380000)
 Metaspace       used 86134K, committed 88000K, reserved 1179648K
  class space    used 8860K, committed 9664K, reserved 1048576K
}
Event: 982.002 GC heap before
{Heap before GC invocations=721 (full 4):
 PSYoungGen      total 5632K, used 5472K [0x00000000d5580000, 0x00000000d5d80000, 0x0000000100000000)
  eden space 3072K, 100% used [0x00000000d5580000,0x00000000d5880000,0x00000000d5880000)
  from space 2560K, 93% used [0x00000000d5b00000,0x00000000d5d58000,0x00000000d5d80000)
  to   space 2560K, 0% used [0x00000000d5880000,0x00000000d5880000,0x00000000d5b00000)
 ParOldGen       total 1003008K, used 1002743K [0x0000000080000000, 0x00000000bd380000, 0x00000000d5580000)
  object space 1003008K, 99% used [0x0000000080000000,0x00000000bd33dcd8,0x00000000bd380000)
 Metaspace       used 86136K, committed 88000K, reserved 1179648K
  class space    used 8860K, committed 9664K, reserved 1048576K
}
Event: 982.009 GC heap after
{Heap after GC invocations=721 (full 4):
 PSYoungGen      total 5632K, used 2560K [0x00000000d5580000, 0x00000000d5f80000, 0x0000000100000000)
  eden space 3072K, 0% used [0x00000000d5580000,0x00000000d5580000,0x00000000d5880000)
  from space 2560K, 100% used [0x00000000d5880000,0x00000000d5b00000,0x00000000d5b00000)
  to   space 3072K, 0% used [0x00000000d5c80000,0x00000000d5c80000,0x00000000d5f80000)
 ParOldGen       total 1005056K, used 1005039K [0x0000000080000000, 0x00000000bd580000, 0x00000000d5580000)
  object space 1005056K, 99% used [0x0000000080000000,0x00000000bd57bcd8,0x00000000bd580000)
 Metaspace       used 86136K, committed 88000K, reserved 1179648K
  class space    used 8860K, committed 9664K, reserved 1048576K
}
Event: 982.028 GC heap before
{Heap before GC invocations=722 (full 4):
 PSYoungGen      total 5632K, used 5632K [0x00000000d5580000, 0x00000000d5f80000, 0x0000000100000000)
  eden space 3072K, 100% used [0x00000000d5580000,0x00000000d5880000,0x00000000d5880000)
  from space 2560K, 100% used [0x00000000d5880000,0x00000000d5b00000,0x00000000d5b00000)
  to   space 3072K, 0% used [0x00000000d5c80000,0x00000000d5c80000,0x00000000d5f80000)
 ParOldGen       total 1005056K, used 1005039K [0x0000000080000000, 0x00000000bd580000, 0x00000000d5580000)
  object space 1005056K, 99% used [0x0000000080000000,0x00000000bd57bcd8,0x00000000bd580000)
 Metaspace       used 86136K, committed 88000K, reserved 1179648K
  class space    used 8860K, committed 9664K, reserved 1048576K
}
Event: 982.037 GC heap after
{Heap after GC invocations=722 (full 4):
 PSYoungGen      total 7168K, used 2736K [0x00000000d5580000, 0x00000000d5f80000, 0x0000000100000000)
  eden space 4096K, 0% used [0x00000000d5580000,0x00000000d5580000,0x00000000d5980000)
  from space 3072K, 89% used [0x00000000d5c80000,0x00000000d5f2c000,0x00000000d5f80000)
  to   space 3072K, 0% used [0x00000000d5980000,0x00000000d5980000,0x00000000d5c80000)
 ParOldGen       total 1007616K, used 1007479K [0x0000000080000000, 0x00000000bd800000, 0x00000000d5580000)
  object space 1007616K, 99% used [0x0000000080000000,0x00000000bd7ddcd8,0x00000000bd800000)
 Metaspace       used 86136K, committed 88000K, reserved 1179648K
  class space    used 8860K, committed 9664K, reserved 1048576K
}
Event: 982.524 GC heap before
{Heap before GC invocations=723 (full 4):
 PSYoungGen      total 7168K, used 6832K [0x00000000d5580000, 0x00000000d5f80000, 0x0000000100000000)
  eden space 4096K, 100% used [0x00000000d5580000,0x00000000d5980000,0x00000000d5980000)
  from space 3072K, 89% used [0x00000000d5c80000,0x00000000d5f2c000,0x00000000d5f80000)
  to   space 3072K, 0% used [0x00000000d5980000,0x00000000d5980000,0x00000000d5c80000)
 ParOldGen       total 1007616K, used 1007479K [0x0000000080000000, 0x00000000bd800000, 0x00000000d5580000)
  object space 1007616K, 99% used [0x0000000080000000,0x00000000bd7ddcd8,0x00000000bd800000)
 Metaspace       used 86144K, committed 88000K, reserved 1179648K
  class space    used 8860K, committed 9664K, reserved 1048576K
}
Event: 982.534 GC heap after
{Heap after GC invocations=723 (full 4):
 PSYoungGen      total 7168K, used 1978K [0x00000000d5580000, 0x00000000d5f80000, 0x0000000100000000)
  eden space 4096K, 0% used [0x00000000d5580000,0x00000000d5580000,0x00000000d5980000)
  from space 3072K, 64% used [0x00000000d5980000,0x00000000d5b6e900,0x00000000d5c80000)
  to   space 2560K, 0% used [0x00000000d5d00000,0x00000000d5d00000,0x00000000d5f80000)
 ParOldGen       total 1010176K, used 1009767K [0x0000000080000000, 0x00000000bda80000, 0x00000000d5580000)
  object space 1010176K, 99% used [0x0000000080000000,0x00000000bda19cd8,0x00000000bda80000)
 Metaspace       used 86144K, committed 88000K, reserved 1179648K
  class space    used 8860K, committed 9664K, reserved 1048576K
}
Event: 1222.687 GC heap before
{Heap before GC invocations=724 (full 4):
 PSYoungGen      total 7168K, used 6074K [0x00000000d5580000, 0x00000000d5f80000, 0x0000000100000000)
  eden space 4096K, 99% used [0x00000000d5580000,0x00000000d597ffe8,0x00000000d5980000)
  from space 3072K, 64% used [0x00000000d5980000,0x00000000d5b6e900,0x00000000d5c80000)
  to   space 2560K, 0% used [0x00000000d5d00000,0x00000000d5d00000,0x00000000d5f80000)
 ParOldGen       total 1010176K, used 1009767K [0x0000000080000000, 0x00000000bda80000, 0x00000000d5580000)
  object space 1010176K, 99% used [0x0000000080000000,0x00000000bda19cd8,0x00000000bda80000)
 Metaspace       used 86166K, committed 88000K, reserved 1179648K
  class space    used 8860K, committed 9664K, reserved 1048576K
}
Event: 1222.755 GC heap after
{Heap after GC invocations=724 (full 4):
 PSYoungGen      total 4608K, used 352K [0x00000000d5580000, 0x00000000d5d80000, 0x0000000100000000)
  eden space 4096K, 0% used [0x00000000d5580000,0x00000000d5580000,0x00000000d5980000)
  from space 512K, 68% used [0x00000000d5d00000,0x00000000d5d58000,0x00000000d5d80000)
  to   space 1024K, 0% used [0x00000000d5b80000,0x00000000d5b80000,0x00000000d5c80000)
 ParOldGen       total 1011712K, used 1011635K [0x0000000080000000, 0x00000000bdc00000, 0x00000000d5580000)
  object space 1011712K, 99% used [0x0000000080000000,0x00000000bdbecee8,0x00000000bdc00000)
 Metaspace       used 86166K, committed 88000K, reserved 1179648K
  class space    used 8860K, committed 9664K, reserved 1048576K
}

